2021-07-28 23:07:35,207 WARN  [SoapUI] Missing folder [C:\Users\LeelaKS\Desktop\Soap Project(Maven)\my-app\ext] for external libraries
2021-07-28 23:07:35,621 INFO  [DefaultSoapUICore] initialized soapui-settings from [C:\Users\LeelaKS\soapui-settings.xml]
2021-07-28 23:07:39,474 INFO  [WsdlProject] Loaded project from [file:/C:/Users/LeelaKS/Desktop/Soap%20Project(Maven)/my-app/calculator-soapui-project.xml]
2021-07-28 23:07:39,973 INFO  [SoapUITestCaseRunner] Running SoapUI tests in project [calculator]
2021-07-28 23:07:39,983 INFO  [SoapUITestCaseRunner] Running Project [calculator], runType = SEQUENTIAL
2021-07-28 23:07:40,039 INFO  [SoapUITestCaseRunner] Running SoapUI testcase [TestCase 1]
2021-07-28 23:07:40,070 INFO  [SoapUITestCaseRunner] running step [Add - Add1]
2021-07-28 23:07:43,963 INFO  [SoapUITestCaseRunner] Assertion [SOAP Response] has status VALID
2021-07-28 23:07:43,964 INFO  [SoapUITestCaseRunner] running step [Divide - divide1]
2021-07-28 23:07:45,197 INFO  [SoapUITestCaseRunner] Assertion [SOAP Response] has status VALID
2021-07-28 23:07:45,200 INFO  [SoapUITestCaseRunner] running step [Multiply - multiply1]
2021-07-28 23:07:46,530 INFO  [SoapUITestCaseRunner] Assertion [SOAP Response] has status VALID
2021-07-28 23:07:46,536 INFO  [SoapUITestCaseRunner] running step [Subtract - subtract1]
2021-07-28 23:07:47,442 INFO  [SoapUITestCaseRunner] Assertion [SOAP Response] has status VALID
2021-07-28 23:07:47,459 INFO  [SoapUITestCaseRunner] Finished running SoapUI testcase [TestCase 1], time taken: 7332ms, status: FINISHED
2021-07-28 23:07:47,500 INFO  [SoapUITestCaseRunner] Running SoapUI testcase [TestCase 2]
2021-07-28 23:07:47,508 INFO  [SoapUITestCaseRunner] running step [Add - Add2]
2021-07-28 23:07:48,383 INFO  [SoapUITestCaseRunner] Assertion [SOAP Response] has status VALID
2021-07-28 23:07:48,387 INFO  [SoapUITestCaseRunner] running step [Divide - divide1]
2021-07-28 23:07:49,400 INFO  [SoapUITestCaseRunner] Assertion [SOAP Response] has status VALID
2021-07-28 23:07:49,407 INFO  [SoapUITestCaseRunner] running step [Multiply - multiply1]
2021-07-28 23:07:50,253 INFO  [SoapUITestCaseRunner] Assertion [SOAP Response] has status VALID
2021-07-28 23:07:50,257 INFO  [SoapUITestCaseRunner] running step [Subtract - subtract1]
2021-07-28 23:07:51,121 INFO  [SoapUITestCaseRunner] Assertion [SOAP Response] has status VALID
2021-07-28 23:07:51,128 INFO  [SoapUITestCaseRunner] Finished running SoapUI testcase [TestCase 2], time taken: 3548ms, status: FINISHED
2021-07-28 23:07:51,132 INFO  [SoapUITestCaseRunner] Project [calculator] finished with status [FINISHED] in 11140ms
